<?xml version="1.0" encoding="UTF-8"?>
<testsuite xmlns:xsi="http://www.w3.org/2001/XMLSchema-instance" xsi:noNamespaceSchemaLocation="https://maven.apache.org/surefire/maven-surefire-plugin/xsd/surefire-test-report.xsd" name="TestSuite" time="20.857" tests="3" errors="0" skipped="0" failures="3">
  <properties>
[...]
</properties>
  <testcase name="testtwo" classname="testscripts.second" time="0.381">
    <failure message="Could not start a new session. Possible causes are invalid address of the remote server or browser start-up failure.&#10;Build info: version: &apos;3.5.3&apos;, revision: &apos;a88d25fe6b&apos;, time: &apos;2017-08-29T12:42:44.417Z&apos;&#10;System info: host: &apos;VenDs-MacBook-Pro-6.local&apos;, ip: &apos;fe80:0:0:0:c48:216c:46b6:a352%en0&apos;, os.name: &apos;Mac OS X&apos;, os.arch: &apos;x86_64&apos;, os.version: &apos;11.4&apos;, java.version: &apos;11.0.13&apos;&#10;Driver info: driver.version: RemoteWebDriver" type="org.openqa.selenium.remote.UnreachableBrowserException">org.openqa.selenium.remote.UnreachableBrowserException: 
Could not start a new session. Possible causes are invalid address of the remote server or browser start-up failure.
Build info: version: '3.5.3', revision: 'a88d25fe6b', time: '2017-08-29T12:42:44.417Z'
System info: host: 'VenDs-MacBook-Pro-6.local', ip: 'fe80:0:0:0:c48:216c:46b6:a352%en0', os.name: 'Mac OS X', os.arch: 'x86_64', os.version: '11.4', java.version: '11.0.13'
Driver info: driver.version: RemoteWebDriver
	at testscripts.second.testtwo(second.java:16)
Caused by: java.net.UnknownHostException: null
	at testscripts.second.testtwo(second.java:16)
</failure>
    <system-out><![CDATA[/Users/vend/Downloads/gitDockerSecond
null
null
]]></system-out>
  </testcase>
  <testcase name="testOne" classname="testscripts.firstTest" time="0.381">
    <failure message="Could not start a new session. Possible causes are invalid address of the remote server or browser start-up failure.&#10;Build info: version: &apos;3.5.3&apos;, revision: &apos;a88d25fe6b&apos;, time: &apos;2017-08-29T12:42:44.417Z&apos;&#10;System info: host: &apos;VenDs-MacBook-Pro-6.local&apos;, ip: &apos;fe80:0:0:0:c48:216c:46b6:a352%en0&apos;, os.name: &apos;Mac OS X&apos;, os.arch: &apos;x86_64&apos;, os.version: &apos;11.4&apos;, java.version: &apos;11.0.13&apos;&#10;Driver info: driver.version: RemoteWebDriver" type="org.openqa.selenium.remote.UnreachableBrowserException">org.openqa.selenium.remote.UnreachableBrowserException: 
Could not start a new session. Possible causes are invalid address of the remote server or browser start-up failure.
Build info: version: '3.5.3', revision: 'a88d25fe6b', time: '2017-08-29T12:42:44.417Z'
System info: host: 'VenDs-MacBook-Pro-6.local', ip: 'fe80:0:0:0:c48:216c:46b6:a352%en0', os.name: 'Mac OS X', os.arch: 'x86_64', os.version: '11.4', java.version: '11.0.13'
Driver info: driver.version: RemoteWebDriver
	at testscripts.firstTest.testOne(firstTest.java:16)
Caused by: java.net.UnknownHostException: null
	at testscripts.firstTest.testOne(firstTest.java:16)
</failure>
  </testcase>
  <testcase name="testthree" classname="testscripts.third" time="0.381">
    <failure message="Could not start a new session. Possible causes are invalid address of the remote server or browser start-up failure.&#10;Build info: version: &apos;3.5.3&apos;, revision: &apos;a88d25fe6b&apos;, time: &apos;2017-08-29T12:42:44.417Z&apos;&#10;System info: host: &apos;VenDs-MacBook-Pro-6.local&apos;, ip: &apos;fe80:0:0:0:c48:216c:46b6:a352%en0&apos;, os.name: &apos;Mac OS X&apos;, os.arch: &apos;x86_64&apos;, os.version: &apos;11.4&apos;, java.version: &apos;11.0.13&apos;&#10;Driver info: driver.version: RemoteWebDriver" type="org.openqa.selenium.remote.UnreachableBrowserException">org.openqa.selenium.remote.UnreachableBrowserException: 
Could not start a new session. Possible causes are invalid address of the remote server or browser start-up failure.
Build info: version: '3.5.3', revision: 'a88d25fe6b', time: '2017-08-29T12:42:44.417Z'
System info: host: 'VenDs-MacBook-Pro-6.local', ip: 'fe80:0:0:0:c48:216c:46b6:a352%en0', os.name: 'Mac OS X', os.arch: 'x86_64', os.version: '11.4', java.version: '11.0.13'
Driver info: driver.version: RemoteWebDriver
	at testscripts.third.testthree(third.java:16)
Caused by: java.net.UnknownHostException: null: nodename nor servname provided, or not known
	at testscripts.third.testthree(third.java:16)
</failure>
  </testcase>
</testsuite>